\BOOKMARK [0][-]{chapter.1}{1 Introduction}{}% 1
\BOOKMARK [0][-]{chapter.2}{2 Neutrino Physics}{}% 2
\BOOKMARK [1][-]{subsection.2.0.1}{2.0.1 Recent results}{chapter.2}% 3
\BOOKMARK [2][-]{subsection.2.0.2}{2.0.2 The Weak Force}{subsection.2.0.1}% 4
\BOOKMARK [1][-]{section.2.1}{2.1 Neutrino Eigenstates}{chapter.2}% 5
\BOOKMARK [1][-]{section.2.2}{2.2 Neutrino Oscillation Probability in Vacuum}{chapter.2}% 6
\BOOKMARK [1][-]{section.2.3}{2.3 Neutrino Oscillation Paremeter Measurements}{chapter.2}% 7
\BOOKMARK [1][-]{section.2.4}{2.4 Two-Flavour Approximation}{chapter.2}% 8
\BOOKMARK [1][-]{section.2.5}{2.5 Matter Effects}{chapter.2}% 9
\BOOKMARK [1][-]{section.2.6}{2.6 Latest Results}{chapter.2}% 10
\BOOKMARK [0][-]{chapter.3}{3 The NOvA Experiment}{}% 11
\BOOKMARK [1][-]{section.3.1}{3.1 The NuMI Beam}{chapter.3}% 12
\BOOKMARK [2][-]{subsection.3.1.1}{3.1.1 Focussing Horns}{section.3.1}% 13
\BOOKMARK [2][-]{subsection.3.1.2}{3.1.2 Off-axis Experiment Design}{section.3.1}% 14
\BOOKMARK [1][-]{section.3.2}{3.2 The NOvA Detectors}{chapter.3}% 15
\BOOKMARK [2][-]{subsection.3.2.1}{3.2.1 The Basic NOvA Detector Element}{section.3.2}% 16
\BOOKMARK [2][-]{subsection.3.2.2}{3.2.2 Liquid Scintillator}{section.3.2}% 17
\BOOKMARK [2][-]{subsection.3.2.3}{3.2.3 Wavelength Shifting Fibre}{section.3.2}% 18
\BOOKMARK [2][-]{subsection.3.2.4}{3.2.4 Avalanche Photo Diode}{section.3.2}% 19
\BOOKMARK [2][-]{subsection.3.2.5}{3.2.5 Data Acquisition System}{section.3.2}% 20
\BOOKMARK [2][-]{subsection.3.2.6}{3.2.6 Detector Assembly}{section.3.2}% 21
\BOOKMARK [2][-]{subsection.3.2.7}{3.2.7 The Far Detector}{section.3.2}% 22
\BOOKMARK [2][-]{subsection.3.2.8}{3.2.8 The Near Detector}{section.3.2}% 23
\BOOKMARK [1][-]{section.3.3}{3.3 Monte Carlo Simulation}{chapter.3}% 24
\BOOKMARK [0][-]{chapter.4}{4 NOvA Analysis Methodology}{}% 25
\BOOKMARK [1][-]{section.4.1}{4.1 Event Reconstruction}{chapter.4}% 26
\BOOKMARK [1][-]{section.4.2}{4.2 Selection and Background}{chapter.4}% 27
\BOOKMARK [1][-]{section.4.3}{4.3 Calibration}{chapter.4}% 28
\BOOKMARK [2][-]{subsection.4.3.1}{4.3.1 Attenuation and Threshold Calibration}{section.4.3}% 29
\BOOKMARK [2][-]{subsection.4.3.2}{4.3.2 Absolute Calibration}{section.4.3}% 30
\BOOKMARK [2][-]{subsection.4.3.3}{4.3.3 Drift Calibration}{section.4.3}% 31
\BOOKMARK [2][-]{subsection.4.3.4}{4.3.4 Timing Calibration}{section.4.3}% 32
\BOOKMARK [1][-]{section.4.4}{4.4 Energy Reconstruction}{chapter.4}% 33
\BOOKMARK [1][-]{section.4.5}{4.5 Extrapolation}{chapter.4}% 34
\BOOKMARK [1][-]{section.4.6}{4.6 GENIE Tune}{chapter.4}% 35
\BOOKMARK [1][-]{section.4.7}{4.7 Evaluation of Systematics}{chapter.4}% 36
\BOOKMARK [2][-]{subsection.4.7.1}{4.7.1 Calibration}{section.4.7}% 37
\BOOKMARK [2][-]{subsection.4.7.2}{4.7.2 Birks}{section.4.7}% 38
\BOOKMARK [2][-]{subsection.4.7.3}{4.7.3 Noise}{section.4.7}% 39
\BOOKMARK [0][-]{chapter.5}{5 Analysis Improvements}{}% 40
\BOOKMARK [1][-]{section.5.1}{5.1 Best Fit Points}{chapter.5}% 41
\BOOKMARK [1][-]{section.5.2}{5.2 Impact of Cosmic Background on Sensitivity Contours}{chapter.5}% 42
\BOOKMARK [1][-]{section.5.3}{5.3 Hadronic Energy Fraction Binning}{chapter.5}% 43
\BOOKMARK [1][-]{section.5.4}{5.4 Optimising Neutrino Energy Binning}{chapter.5}% 44
\BOOKMARK [1][-]{section.5.5}{5.5 Hybrid Selection Using ReMId and CVN}{chapter.5}% 45
\BOOKMARK [1][-]{section.5.6}{5.6 All Analysis Improvements Combined}{chapter.5}% 46
\BOOKMARK [1][-]{section.5.7}{5.7 Combined Optimisation of Analysis Improvements}{chapter.5}% 47
\BOOKMARK [1][-]{section.5.8}{5.8 Systematic Uncertainty}{chapter.5}% 48
\BOOKMARK [1][-]{section.5.9}{5.9 Hadronic Energy Smearing Systematic}{chapter.5}% 49
\BOOKMARK [0][-]{chapter.6}{6 Results}{}% 50
\BOOKMARK [1][-]{section.6.1}{6.1 Hadronic Energy Fractions In The Near Detector}{chapter.6}% 51
\BOOKMARK [0][-]{chapter.7}{7 Conclusion}{}% 52
\BOOKMARK [0][-]{chapter.7}{Bibliography}{}% 53
